<?xml version="1.0" encoding="UTF-8" ?>
<testsuite tests="3" failures="0" name="org.jboss.as.quickstarts.wshelloworld.ClientTest" time="0.105" errors="0" skipped="0">
  <properties>
[...]
</properties>
  <testcase classname="org.jboss.as.quickstarts.wshelloworld.ClientTest" name="testHello" time="0.006"/>
  <testcase classname="org.jboss.as.quickstarts.wshelloworld.ClientTest" name="testHelloName" time="0"/>
  <testcase classname="org.jboss.as.quickstarts.wshelloworld.ClientTest" name="testHelloNames" time="0.001"/>
</testsuite>